<?xml version="1.0" encoding="UTF-8"?>
<testng-results skipped="0" failed="0" total="1" passed="1">
  <reporter-output>
  </reporter-output>
  <suite name="Default suite" duration-ms="19849" started-at="2017-02-07T08:55:12Z" finished-at="2017-02-07T08:55:32Z">
    <groups>
    </groups>
    <test name="Default test" duration-ms="19849" started-at="2017-02-07T08:55:12Z" finished-at="2017-02-07T08:55:32Z">
      <class name="com.myproject.first.Automationdemo1">
        <test-method status="PASS" signature="inputforms()[pri:0, instance:com.myproject.first.Automationdemo1@4520ebad]" name="inputforms" duration-ms="19824" started-at="2017-02-07T14:25:12Z" finished-at="2017-02-07T14:25:32Z">
          <reporter-output>
          </reporter-output>
        </test-method> <!-- inputforms -->
      </class> <!-- com.myproject.first.Automationdemo1 -->
    </test> <!-- Default test -->
  </suite> <!-- Default suite -->
</testng-results>
